[2024-07-10 14:48:22,200: INFO: main: >>>>>> stage Data Ingestion stage started <<<<<<]
[2024-07-10 14:48:22,206: INFO: common: yaml file: config\config.yaml loaded successfully]
[2024-07-10 14:48:22,206: INFO: common: yaml file: params.yaml loaded successfully]
[2024-07-10 14:48:22,206: INFO: common: yaml file: schema.yaml loaded successfully]
[2024-07-10 14:48:22,206: INFO: common: created directory at: artifacts]
[2024-07-10 14:48:22,206: INFO: common: created directory at: artifacts/data_ingestion]
[2024-07-10 14:48:23,045: INFO: data_ingestion: artifacts/data_ingestion/data.zip download! with following info: 
Connection: close
Content-Length: 23329
Cache-Control: max-age=300
Content-Security-Policy: default-src 'none'; style-src 'unsafe-inline'; sandbox
Content-Type: application/zip
ETag: "c69888a4ae59bc5a893392785a938ccd4937981c06ba8a9d6a21aa52b4ab5b6e"
Strict-Transport-Security: max-age=31536000
X-Content-Type-Options: nosniff
X-Frame-Options: deny
X-XSS-Protection: 1; mode=block
X-GitHub-Request-Id: 8E4A:D808E:3F65C3:53F959:668E5284
Accept-Ranges: bytes
Date: Wed, 10 Jul 2024 09:21:09 GMT
Via: 1.1 varnish
X-Served-By: cache-bom4734-BOM
X-Cache: MISS
X-Cache-Hits: 0
X-Timer: S1720603269.386904,VS0,VE271
Vary: Authorization,Accept-Encoding,Origin
Access-Control-Allow-Origin: *
Cross-Origin-Resource-Policy: cross-origin
X-Fastly-Request-ID: d2e25f98a5094de47d0e2fa8b62d01a811790a94
Expires: Wed, 10 Jul 2024 09:26:09 GMT
Source-Age: 0

]
[2024-07-10 14:48:23,045: INFO: main: >>>>>> stage Data Ingestion stage completed <<<<<<

x==========x]
[2024-07-10 14:48:23,045: INFO: main: >>>>>> stage Data Validation stage started <<<<<<]
[2024-07-10 14:48:23,045: INFO: common: yaml file: config\config.yaml loaded successfully]
[2024-07-10 14:48:23,045: INFO: common: yaml file: params.yaml loaded successfully]
[2024-07-10 14:48:23,053: INFO: common: yaml file: schema.yaml loaded successfully]
[2024-07-10 14:48:23,053: INFO: common: created directory at: artifacts]
[2024-07-10 14:48:23,054: INFO: common: created directory at: artifacts/data_validation]
[2024-07-10 14:48:23,061: INFO: main: >>>>>> stage Data Validation stage completed <<<<<<

x==========x]
[2024-07-10 14:48:23,061: INFO: main: >>>>>> stage Data Transformation stage started <<<<<<]
[2024-07-10 14:48:23,065: INFO: common: yaml file: config\config.yaml loaded successfully]
[2024-07-10 14:48:23,066: INFO: common: yaml file: params.yaml loaded successfully]
[2024-07-10 14:48:23,067: INFO: common: yaml file: schema.yaml loaded successfully]
[2024-07-10 14:48:23,067: INFO: common: created directory at: artifacts]
[2024-07-10 14:48:23,068: INFO: common: created directory at: artifacts/data_transformation]
[2024-07-10 14:48:23,082: INFO: data_transformation: Splited data into training and test sets]
[2024-07-10 14:48:23,082: INFO: data_transformation: (1199, 12)]
[2024-07-10 14:48:23,082: INFO: data_transformation: (400, 12)]
[2024-07-10 14:48:23,082: INFO: main: >>>>>> stage Data Transformation stage completed <<<<<<

x==========x]
[2024-07-10 14:48:23,087: INFO: main: >>>>>> stage Model Trainer stage started <<<<<<]
[2024-07-10 14:48:23,089: INFO: common: yaml file: config\config.yaml loaded successfully]
[2024-07-10 14:48:23,089: INFO: common: yaml file: params.yaml loaded successfully]
[2024-07-10 14:48:23,089: INFO: common: yaml file: schema.yaml loaded successfully]
[2024-07-10 14:48:23,089: INFO: common: created directory at: artifacts]
[2024-07-10 14:48:23,089: INFO: common: created directory at: artifacts/model_trainer]
[2024-07-10 14:48:23,105: INFO: main: >>>>>> stage Model Trainer stage completed <<<<<<

x==========x]
[2024-07-10 14:48:23,105: INFO: main: >>>>>> stage Model evaluation stage started <<<<<<]
[2024-07-10 14:48:23,107: INFO: common: yaml file: config\config.yaml loaded successfully]
[2024-07-10 14:48:23,109: INFO: common: yaml file: params.yaml loaded successfully]
[2024-07-10 14:48:23,110: INFO: common: yaml file: schema.yaml loaded successfully]
[2024-07-10 14:48:23,110: INFO: common: created directory at: artifacts]
[2024-07-10 14:48:23,110: INFO: common: created directory at: artifacts/model_evaluation]
[2024-07-10 14:48:23,123: INFO: common: json file saved at: artifacts\model_evaluation\metrics.json]
[2024-07-10 14:48:23,124: INFO: main: >>>>>> stage Model evaluation stage completed <<<<<<

x==========x]
[2024-07-23 14:39:19,397: INFO: _internal: [31m[1mWARNING: This is a development server. Do not use it in a production deployment. Use a production WSGI server instead.[0m
 * Running on all addresses (0.0.0.0)
 * Running on http://127.0.0.1:8080
 * Running on http://192.168.29.151:8080]
[2024-07-23 14:39:19,405: INFO: _internal: [33mPress CTRL+C to quit[0m]
[2024-07-23 14:39:27,554: INFO: _internal: 127.0.0.1 - - [23/Jul/2024 14:39:27] "GET / HTTP/1.1" 200 -]
[2024-07-23 14:39:27,911: INFO: _internal: 127.0.0.1 - - [23/Jul/2024 14:39:27] "GET /static/css/styles.css HTTP/1.1" 200 -]
[2024-07-23 14:39:27,911: INFO: _internal: 127.0.0.1 - - [23/Jul/2024 14:39:27] "GET /static/css2/nunito-font.css HTTP/1.1" 200 -]
[2024-07-23 14:39:27,920: INFO: _internal: 127.0.0.1 - - [23/Jul/2024 14:39:27] "GET /static/css2/style.css HTTP/1.1" 200 -]
[2024-07-23 14:39:27,928: INFO: _internal: 127.0.0.1 - - [23/Jul/2024 14:39:27] "GET /static/js/scripts.js HTTP/1.1" 200 -]
[2024-07-23 14:39:28,550: INFO: _internal: 127.0.0.1 - - [23/Jul/2024 14:39:28] "[33mGET /static/assets/img/wine.jpg HTTP/1.1[0m" 404 -]
[2024-07-23 14:39:28,550: INFO: _internal: 127.0.0.1 - - [23/Jul/2024 14:39:28] "GET /static/assets/img/form-v9.jpg HTTP/1.1" 200 -]
[2024-07-23 14:39:28,624: INFO: _internal: 127.0.0.1 - - [23/Jul/2024 14:39:28] "[33mGET /static/fonts/Nunito/Nunito-Bold.ttf HTTP/1.1[0m" 404 -]
[2024-07-23 14:39:28,762: INFO: _internal: 127.0.0.1 - - [23/Jul/2024 14:39:28] "GET /static/assets/favicon.ico HTTP/1.1" 200 -]
[2024-07-23 14:40:06,411: INFO: _internal: 127.0.0.1 - - [23/Jul/2024 14:40:06] "POST /predict HTTP/1.1" 200 -]
[2024-07-23 14:40:06,443: INFO: _internal: 127.0.0.1 - - [23/Jul/2024 14:40:06] "[36mGET /static/css/styles.css HTTP/1.1[0m" 304 -]
[2024-07-23 14:40:06,444: INFO: _internal: 127.0.0.1 - - [23/Jul/2024 14:40:06] "[36mGET /static/js/scripts.js HTTP/1.1[0m" 304 -]
[2024-07-23 14:40:06,461: INFO: _internal: 127.0.0.1 - - [23/Jul/2024 14:40:06] "[33mGET /static/assets/img/wine.gif HTTP/1.1[0m" 404 -]
